2022-02-06 08:39:06 [scrapy.utils.log] INFO: Scrapy 2.5.1 started (bot: ygdy8Spider)
2022-02-06 08:39:06 [scrapy.utils.log] INFO: Versions: lxml 4.7.1.0, libxml2 2.9.12, cssselect 1.1.0, parsel 1.6.0, w3lib 1.22.0, Twisted 21.7.0, Python 3.10.1 (tags/v3.10.1:2cd268a, Dec  6 2021, 19:10:37) [MSC v.1929 64 bit (AMD64)], pyOpenSSL 21.0.0 (OpenSSL 1.1.1m  14 Dec 2021), cryptography 36.0.1, Platform Windows-10-10.0.19042-SP0
2022-02-06 08:39:06 [scrapy.crawler] INFO: Overridden settings:
{'BOT_NAME': 'ygdy8Spider',
 'COOKIES_ENABLED': False,
 'LOG_FILE': './spider.log',
 'LOG_LEVEL': 'INFO',
 'NEWSPIDER_MODULE': 'ygdy8Spider.spiders',
 'RETRY_TIMES': 3,
 'ROBOTSTXT_OBEY': True,
 'SPIDER_MODULES': ['ygdy8Spider.spiders']}
2022-02-06 08:39:06 [scrapy.extensions.telnet] INFO: Telnet Password: 8ce454fff2fe2146
2022-02-06 08:39:06 [scrapy.middleware] INFO: Enabled extensions:
['scrapy.extensions.corestats.CoreStats',
 'scrapy.extensions.telnet.TelnetConsole',
 'scrapy.extensions.logstats.LogStats']
2022-02-06 08:39:07 [scrapy.middleware] INFO: Enabled downloader middlewares:
['scrapy.downloadermiddlewares.robotstxt.RobotsTxtMiddleware',
 'scrapy.downloadermiddlewares.httpauth.HttpAuthMiddleware',
 'scrapy.downloadermiddlewares.downloadtimeout.DownloadTimeoutMiddleware',
 'scrapy.downloadermiddlewares.defaultheaders.DefaultHeadersMiddleware',
 'scrapy.downloadermiddlewares.useragent.UserAgentMiddleware',
 'scrapy.downloadermiddlewares.retry.RetryMiddleware',
 'scrapy.downloadermiddlewares.redirect.MetaRefreshMiddleware',
 'scrapy.downloadermiddlewares.httpcompression.HttpCompressionMiddleware',
 'scrapy.downloadermiddlewares.redirect.RedirectMiddleware',
 'scrapy.downloadermiddlewares.httpproxy.HttpProxyMiddleware',
 'scrapy.downloadermiddlewares.stats.DownloaderStats']
2022-02-06 08:39:07 [scrapy.middleware] INFO: Enabled spider middlewares:
['scrapy.spidermiddlewares.httperror.HttpErrorMiddleware',
 'scrapy.spidermiddlewares.offsite.OffsiteMiddleware',
 'scrapy.spidermiddlewares.referer.RefererMiddleware',
 'scrapy.spidermiddlewares.urllength.UrlLengthMiddleware',
 'scrapy.spidermiddlewares.depth.DepthMiddleware']
2022-02-06 08:39:07 [scrapy.middleware] INFO: Enabled item pipelines:
[]
2022-02-06 08:39:07 [scrapy.core.engine] INFO: Spider opened
2022-02-06 08:39:07 [scrapy.extensions.logstats] INFO: Crawled 0 pages (at 0 pages/min), scraped 0 items (at 0 items/min)
2022-02-06 08:39:07 [scrapy.extensions.telnet] INFO: Telnet console listening on 127.0.0.1:6023
2022-02-06 08:39:08 [scrapy.core.engine] INFO: Closing spider (finished)
2022-02-06 08:39:08 [scrapy.statscollectors] INFO: Dumping Scrapy stats:
{'downloader/request_bytes': 461,
 'downloader/request_count': 2,
 'downloader/request_method_count/GET': 2,
 'downloader/response_bytes': 8708,
 'downloader/response_count': 2,
 'downloader/response_status_count/200': 2,
 'elapsed_time_seconds': 1.593387,
 'finish_reason': 'finished',
 'finish_time': datetime.datetime(2022, 2, 6, 0, 39, 8, 715908),
 'httpcompression/response_bytes': 45579,
 'httpcompression/response_count': 1,
 'log_count/INFO': 10,
 'response_received_count': 2,
 'robotstxt/request_count': 1,
 'robotstxt/response_count': 1,
 'robotstxt/response_status_count/200': 1,
 'scheduler/dequeued': 1,
 'scheduler/dequeued/memory': 1,
 'scheduler/enqueued': 1,
 'scheduler/enqueued/memory': 1,
 'start_time': datetime.datetime(2022, 2, 6, 0, 39, 7, 122521)}
2022-02-06 08:39:08 [scrapy.core.engine] INFO: Spider closed (finished)
2022-02-06 08:46:53 [scrapy.utils.log] INFO: Scrapy 2.5.1 started (bot: ygdy8Spider)
2022-02-06 08:46:53 [scrapy.utils.log] INFO: Versions: lxml 4.7.1.0, libxml2 2.9.12, cssselect 1.1.0, parsel 1.6.0, w3lib 1.22.0, Twisted 21.7.0, Python 3.10.1 (tags/v3.10.1:2cd268a, Dec  6 2021, 19:10:37) [MSC v.1929 64 bit (AMD64)], pyOpenSSL 21.0.0 (OpenSSL 1.1.1m  14 Dec 2021), cryptography 36.0.1, Platform Windows-10-10.0.19042-SP0
2022-02-06 08:46:53 [scrapy.crawler] INFO: Overridden settings:
{'BOT_NAME': 'ygdy8Spider',
 'COOKIES_ENABLED': False,
 'DUPEFILTER_CLASS': 'scrapy.dupefilters.BaseDupeFilter',
 'LOGSTATS_INTERVAL': 0,
 'LOG_FILE': './spider.log',
 'LOG_LEVEL': 'INFO',
 'NEWSPIDER_MODULE': 'ygdy8Spider.spiders',
 'RETRY_TIMES': 3,
 'ROBOTSTXT_OBEY': True,
 'SPIDER_MODULES': ['ygdy8Spider.spiders']}
2022-02-06 08:46:53 [scrapy.extensions.telnet] INFO: Telnet Password: 69b3c7f74380f02e
2022-02-06 08:46:53 [scrapy.middleware] INFO: Enabled extensions:
['scrapy.extensions.corestats.CoreStats',
 'scrapy.extensions.telnet.TelnetConsole']
2022-02-06 08:46:53 [scrapy.middleware] INFO: Enabled downloader middlewares:
['scrapy.downloadermiddlewares.robotstxt.RobotsTxtMiddleware',
 'scrapy.downloadermiddlewares.httpauth.HttpAuthMiddleware',
 'scrapy.downloadermiddlewares.downloadtimeout.DownloadTimeoutMiddleware',
 'scrapy.downloadermiddlewares.defaultheaders.DefaultHeadersMiddleware',
 'scrapy.downloadermiddlewares.useragent.UserAgentMiddleware',
 'scrapy.downloadermiddlewares.retry.RetryMiddleware',
 'scrapy.downloadermiddlewares.redirect.MetaRefreshMiddleware',
 'scrapy.downloadermiddlewares.httpcompression.HttpCompressionMiddleware',
 'scrapy.downloadermiddlewares.redirect.RedirectMiddleware',
 'scrapy.downloadermiddlewares.httpproxy.HttpProxyMiddleware',
 'scrapy.downloadermiddlewares.stats.DownloaderStats']
2022-02-06 08:46:53 [scrapy.middleware] INFO: Enabled spider middlewares:
['scrapy.spidermiddlewares.httperror.HttpErrorMiddleware',
 'scrapy.spidermiddlewares.offsite.OffsiteMiddleware',
 'scrapy.spidermiddlewares.referer.RefererMiddleware',
 'scrapy.spidermiddlewares.urllength.UrlLengthMiddleware',
 'scrapy.spidermiddlewares.depth.DepthMiddleware']
2022-02-06 08:46:53 [scrapy.middleware] INFO: Enabled item pipelines:
[]
2022-02-06 08:46:53 [scrapy.extensions.telnet] INFO: Telnet console listening on 127.0.0.1:6023
2022-02-06 08:46:53 [scrapy.core.engine] INFO: Spider opened
